[2024-03-23 03:03:13,397] [PID 118] [MainThread] [dramatiq.MainProcess] [INFO] Dramatiq '1.12.0' is booting up.
[2024-03-23 03:03:13] - [DEBUG] - [dramatiq.WorkerProcess(0):345]  - Loading modules...
[2024-03-23 03:03:13] - [DEBUG] - [dramatiq.WorkerProcess(0):357]  - Starting worker threads...
[2024-03-23 03:03:13] - [DEBUG] - [dramatiq.worker._WorkerMiddleware:223]  - Adding consumer for queue 'default'.
[2024-03-23 03:03:13] - [DEBUG] - [dramatiq.worker.ConsumerThread(default):248]  - Running consumer thread...
[2024-03-23 03:03:13] - [DEBUG] - [dramatiq.worker._WorkerMiddleware:227]  - Adding consumer for delay queue 'default.DQ'.
[2024-03-23 03:03:13] - [DEBUG] - [dramatiq.worker.ConsumerThread(default.DQ):248]  - Running consumer thread...
[2024-03-23 03:03:13] - [DEBUG] - [dramatiq.worker.WorkerThread:449]  - Running worker thread...
[2024-03-23 03:03:13] - [DEBUG] - [dramatiq.worker.WorkerThread:449]  - Running worker thread...
[2024-03-23 03:03:13] - [DEBUG] - [dramatiq.worker.WorkerThread:449]  - Running worker thread...
[2024-03-23 03:03:13] - [INFO] - [dramatiq.WorkerProcess(0):381]  - Worker process is ready for action.
[2024-03-23 03:03:13] - [DEBUG] - [dramatiq.worker.WorkerThread:449]  - Running worker thread...
[2024-03-23 03:03:13] - [DEBUG] - [dramatiq.WorkerProcess(1):345]  - Loading modules...
[2024-03-23 03:03:13] - [DEBUG] - [dramatiq.WorkerProcess(1):351]  - Sending forks to main process...
[2024-03-23 03:03:13] - [DEBUG] - [dramatiq.WorkerProcess(1):357]  - Starting worker threads...
[2024-03-23 03:03:13] - [DEBUG] - [dramatiq.worker._WorkerMiddleware:223]  - Adding consumer for queue 'default'.
[2024-03-23 03:03:13] - [DEBUG] - [dramatiq.worker.ConsumerThread(default):248]  - Running consumer thread...
[2024-03-23 03:03:13] - [DEBUG] - [dramatiq.worker._WorkerMiddleware:227]  - Adding consumer for delay queue 'default.DQ'.
[2024-03-23 03:03:13] - [DEBUG] - [dramatiq.worker.ConsumerThread(default.DQ):248]  - Running consumer thread...
[2024-03-23 03:03:13] - [DEBUG] - [dramatiq.worker.WorkerThread:449]  - Running worker thread...
[2024-03-23 03:03:13] - [DEBUG] - [dramatiq.worker.WorkerThread:449]  - Running worker thread...
[2024-03-23 03:03:13] - [DEBUG] - [dramatiq.worker.WorkerThread:449]  - Running worker thread...
[2024-03-23 03:03:13] - [DEBUG] - [dramatiq.worker.WorkerThread:449]  - Running worker thread...
[2024-03-23 03:03:13] - [INFO] - [dramatiq.WorkerProcess(1):381]  - Worker process is ready for action.
[2024-03-23 03:11:54] - [CRITICAL] - [dramatiq.worker.ConsumerThread(default.DQ):276]  - Consumer encountered a connection error: Error 111 connecting to oj-redis:6379. Connection refused.
[2024-03-23 03:11:54] - [INFO] - [dramatiq.worker.ConsumerThread(default.DQ):288]  - Restarting consumer in 3.00 seconds.
[2024-03-23 03:11:54] - [ERROR] - [sentry.errors:686]  - Sentry responded with an error: module 'ssl' has no attribute 'wrap_socket' (url: https://sentry.io/api/263057/store/)
Traceback (most recent call last):
  File "/usr/local/lib/python3.12/site-packages/raven/transport/threaded.py", line 165, in send_sync
    super(ThreadedHTTPTransport, self).send(url, data, headers)
  File "/usr/local/lib/python3.12/site-packages/raven/transport/http.py", line 38, in send
    response = urlopen(
               ^^^^^^^^
  File "/usr/local/lib/python3.12/site-packages/raven/utils/http.py", line 66, in urlopen
    return opener.open(url, data, timeout)
           ^^^^^^^^^^^^^^^^^^^^^^^^^^^^^^^
  File "/usr/local/lib/python3.12/urllib/request.py", line 515, in open
    response = self._open(req, data)
               ^^^^^^^^^^^^^^^^^^^^^
  File "/usr/local/lib/python3.12/urllib/request.py", line 532, in _open
    result = self._call_chain(self.handle_open, protocol, protocol +
             ^^^^^^^^^^^^^^^^^^^^^^^^^^^^^^^^^^^^^^^^^^^^^^^^^^^^^^^
  File "/usr/local/lib/python3.12/urllib/request.py", line 492, in _call_chain
    result = func(*args)
             ^^^^^^^^^^^
  File "/usr/local/lib/python3.12/site-packages/raven/utils/http.py", line 46, in https_open
    return self.do_open(ValidHTTPSConnection, req)
           ^^^^^^^^^^^^^^^^^^^^^^^^^^^^^^^^^^^^^^^
  File "/usr/local/lib/python3.12/urllib/request.py", line 1344, in do_open
    h.request(req.get_method(), req.selector, req.data, headers,
  File "/usr/local/lib/python3.12/http/client.py", line 1331, in request
    self._send_request(method, url, body, headers, encode_chunked)
  File "/usr/local/lib/python3.12/http/client.py", line 1377, in _send_request
    self.endheaders(body, encode_chunked=encode_chunked)
  File "/usr/local/lib/python3.12/http/client.py", line 1326, in endheaders
    self._send_output(message_body, encode_chunked=encode_chunked)
  File "/usr/local/lib/python3.12/http/client.py", line 1085, in _send_output
    self.send(msg)
  File "/usr/local/lib/python3.12/http/client.py", line 1029, in send
    self.connect()
  File "/usr/local/lib/python3.12/site-packages/raven/utils/http.py", line 37, in connect
    self.sock = ssl.wrap_socket(
                ^^^^^^^^^^^^^^^
AttributeError: module 'ssl' has no attribute 'wrap_socket'
b"Sentry responded with an error: module 'ssl' has no attribute 'wrap_socket' (url: https://sentry.io/api/263057/store/)"
[2024-03-23 03:11:54] - [ERROR] - [sentry.errors.uncaught:712]  - ['Consumer encountered a connection error: Error 111 connecting to oj-redis:6379. Connection refused.']
b"['Consumer encountered a connection error: Error 111 connecting to oj-redis:6379. Connection refused.']"
[2024-03-23 03:11:55,808] [PID 118] [MainThread] [dramatiq.MainProcess] [INFO] Sending signal 15 to subprocesses...
[2024-03-23 03:11:55] - [INFO] - [dramatiq.WorkerProcess(1):375]  - Stopping worker process...
[2024-03-23 03:11:55] - [INFO] - [dramatiq.WorkerProcess(0):375]  - Stopping worker process...
[2024-03-23 03:11:56] - [INFO] - [dramatiq.worker.Worker:128]  - Shutting down...
[2024-03-23 03:11:56] - [DEBUG] - [dramatiq.worker.Worker:133]  - Stopping workers...
[2024-03-23 03:11:56] - [DEBUG] - [dramatiq.worker.WorkerThread:547]  - Stopping worker thread...
[2024-03-23 03:11:56] - [DEBUG] - [dramatiq.worker.WorkerThread:547]  - Stopping worker thread...
[2024-03-23 03:11:56] - [DEBUG] - [dramatiq.worker.WorkerThread:547]  - Stopping worker thread...
[2024-03-23 03:11:56] - [DEBUG] - [dramatiq.worker.WorkerThread:547]  - Stopping worker thread...
[2024-03-23 03:11:56] - [INFO] - [dramatiq.worker.Worker:128]  - Shutting down...
[2024-03-23 03:11:56] - [DEBUG] - [dramatiq.worker.Worker:133]  - Stopping workers...
[2024-03-23 03:11:56] - [DEBUG] - [dramatiq.worker.WorkerThread:547]  - Stopping worker thread...
[2024-03-23 03:11:56] - [DEBUG] - [dramatiq.worker.WorkerThread:547]  - Stopping worker thread...
[2024-03-23 03:11:56] - [DEBUG] - [dramatiq.worker.WorkerThread:547]  - Stopping worker thread...
[2024-03-23 03:11:56] - [DEBUG] - [dramatiq.worker.WorkerThread:547]  - Stopping worker thread...
[2024-03-23 03:11:56] - [DEBUG] - [dramatiq.worker.WorkerThread:465]  - Worker thread stopped.
[2024-03-23 03:11:56] - [DEBUG] - [dramatiq.worker.WorkerThread:465]  - Worker thread stopped.
[2024-03-23 03:11:56] - [DEBUG] - [dramatiq.worker.WorkerThread:465]  - Worker thread stopped.
[2024-03-23 03:11:56] - [DEBUG] - [dramatiq.worker.WorkerThread:465]  - Worker thread stopped.
[2024-03-23 03:11:56] - [DEBUG] - [dramatiq.worker.WorkerThread:465]  - Worker thread stopped.
[2024-03-23 03:11:56] - [DEBUG] - [dramatiq.worker.WorkerThread:465]  - Worker thread stopped.
[2024-03-23 03:11:56] - [DEBUG] - [dramatiq.worker.WorkerThread:465]  - Worker thread stopped.
[2024-03-23 03:11:56] - [DEBUG] - [dramatiq.worker.Worker:138]  - Workers stopped.
[2024-03-23 03:11:56] - [DEBUG] - [dramatiq.worker.Worker:139]  - Stopping consumers...
[2024-03-23 03:11:56] - [DEBUG] - [dramatiq.worker.ConsumerThread(default):411]  - Stopping consumer thread...
[2024-03-23 03:11:56] - [DEBUG] - [dramatiq.worker.ConsumerThread(default.DQ):411]  - Stopping consumer thread...
[2024-03-23 03:11:56] - [DEBUG] - [dramatiq.worker.WorkerThread:465]  - Worker thread stopped.
[2024-03-23 03:11:56] - [DEBUG] - [dramatiq.worker.Worker:138]  - Workers stopped.
[2024-03-23 03:11:56] - [DEBUG] - [dramatiq.worker.Worker:139]  - Stopping consumers...
[2024-03-23 03:11:56] - [DEBUG] - [dramatiq.worker.ConsumerThread(default):411]  - Stopping consumer thread...
[2024-03-23 03:11:56] - [DEBUG] - [dramatiq.worker.ConsumerThread(default.DQ):411]  - Stopping consumer thread...
[2024-03-23 03:11:57] - [DEBUG] - [dramatiq.worker.ConsumerThread(default.DQ):294]  - Consumer thread stopped.
[2024-03-23 03:11:59] - [CRITICAL] - [dramatiq.worker.ConsumerThread(default):276]  - Consumer encountered a connection error: Error -3 connecting to oj-redis:6379. Try again.
[2024-03-23 03:11:59] - [DEBUG] - [dramatiq.worker.ConsumerThread(default):294]  - Consumer thread stopped.
[2024-03-23 03:11:59] - [DEBUG] - [dramatiq.worker.Worker:144]  - Consumers stopped.
[2024-03-23 03:11:59] - [DEBUG] - [dramatiq.worker.Worker:146]  - Requeueing in-memory messages...
[2024-03-23 03:11:59] - [DEBUG] - [dramatiq.worker.Worker:156]  - Done requeueing in-progress messages.
[2024-03-23 03:11:59] - [DEBUG] - [dramatiq.worker.Worker:158]  - Closing consumers...
[2024-03-23 03:11:59] - [DEBUG] - [dramatiq.worker.Worker:162]  - Consumers closed.
[2024-03-23 03:11:59] - [INFO] - [dramatiq.worker.Worker:164]  - Worker has been shut down.
[2024-03-23 03:11:59] - [CRITICAL] - [dramatiq.worker.ConsumerThread(default.DQ):276]  - Consumer encountered a connection error: Error -3 connecting to oj-redis:6379. Try again.
[2024-03-23 03:11:59] - [CRITICAL] - [dramatiq.worker.ConsumerThread(default):276]  - Consumer encountered a connection error: Error -3 connecting to oj-redis:6379. Try again.
[2024-03-23 03:11:59] - [DEBUG] - [dramatiq.worker.ConsumerThread(default.DQ):294]  - Consumer thread stopped.
[2024-03-23 03:11:59] - [DEBUG] - [dramatiq.worker.ConsumerThread(default):294]  - Consumer thread stopped.
[2024-03-23 03:11:59] - [DEBUG] - [dramatiq.worker.Worker:144]  - Consumers stopped.
[2024-03-23 03:11:59] - [DEBUG] - [dramatiq.worker.Worker:146]  - Requeueing in-memory messages...
[2024-03-23 03:11:59] - [DEBUG] - [dramatiq.worker.Worker:156]  - Done requeueing in-progress messages.
[2024-03-23 03:11:59] - [DEBUG] - [dramatiq.worker.Worker:158]  - Closing consumers...
[2024-03-23 03:11:59] - [DEBUG] - [dramatiq.worker.Worker:162]  - Consumers closed.
[2024-03-23 03:11:59] - [INFO] - [dramatiq.worker.Worker:164]  - Worker has been shut down.
[2024-03-23 03:12:39,549] [PID 108] [MainThread] [dramatiq.MainProcess] [INFO] Dramatiq '1.12.0' is booting up.
[2024-03-23 03:12:39] - [DEBUG] - [dramatiq.WorkerProcess(0):345]  - Loading modules...
[2024-03-23 03:12:39] - [DEBUG] - [dramatiq.WorkerProcess(0):351]  - Sending forks to main process...
[2024-03-23 03:12:39] - [DEBUG] - [dramatiq.WorkerProcess(0):357]  - Starting worker threads...
[2024-03-23 03:12:39] - [DEBUG] - [dramatiq.worker._WorkerMiddleware:223]  - Adding consumer for queue 'default'.
[2024-03-23 03:12:39] - [DEBUG] - [dramatiq.worker.ConsumerThread(default):248]  - Running consumer thread...
[2024-03-23 03:12:39] - [DEBUG] - [dramatiq.worker._WorkerMiddleware:227]  - Adding consumer for delay queue 'default.DQ'.
[2024-03-23 03:12:39] - [DEBUG] - [dramatiq.worker.ConsumerThread(default.DQ):248]  - Running consumer thread...
[2024-03-23 03:12:39] - [DEBUG] - [dramatiq.worker.WorkerThread:449]  - Running worker thread...
[2024-03-23 03:12:39] - [DEBUG] - [dramatiq.worker.WorkerThread:449]  - Running worker thread...
[2024-03-23 03:12:39] - [DEBUG] - [dramatiq.worker.WorkerThread:449]  - Running worker thread...
[2024-03-23 03:12:39] - [DEBUG] - [dramatiq.worker.WorkerThread:449]  - Running worker thread...
[2024-03-23 03:12:39] - [INFO] - [dramatiq.WorkerProcess(0):381]  - Worker process is ready for action.
[2024-03-23 03:12:39] - [DEBUG] - [dramatiq.WorkerProcess(1):345]  - Loading modules...
[2024-03-23 03:12:39] - [DEBUG] - [dramatiq.WorkerProcess(1):357]  - Starting worker threads...
[2024-03-23 03:12:39] - [DEBUG] - [dramatiq.worker._WorkerMiddleware:223]  - Adding consumer for queue 'default'.
[2024-03-23 03:12:39] - [DEBUG] - [dramatiq.worker.ConsumerThread(default):248]  - Running consumer thread...
[2024-03-23 03:12:39] - [DEBUG] - [dramatiq.worker._WorkerMiddleware:227]  - Adding consumer for delay queue 'default.DQ'.
[2024-03-23 03:12:39] - [DEBUG] - [dramatiq.worker.ConsumerThread(default.DQ):248]  - Running consumer thread...
[2024-03-23 03:12:39] - [DEBUG] - [dramatiq.worker.WorkerThread:449]  - Running worker thread...
[2024-03-23 03:12:39] - [DEBUG] - [dramatiq.worker.WorkerThread:449]  - Running worker thread...
[2024-03-23 03:12:39] - [DEBUG] - [dramatiq.worker.WorkerThread:449]  - Running worker thread...
[2024-03-23 03:12:39] - [DEBUG] - [dramatiq.worker.WorkerThread:449]  - Running worker thread...
[2024-03-23 03:12:39] - [INFO] - [dramatiq.WorkerProcess(1):381]  - Worker process is ready for action.
[2024-03-23 06:10:42,114] [PID 108] [MainThread] [dramatiq.MainProcess] [INFO] Sending signal 15 to subprocesses...
[2024-03-23 06:10:42] - [INFO] - [dramatiq.WorkerProcess(0):375]  - Stopping worker process...
[2024-03-23 06:10:42] - [INFO] - [dramatiq.WorkerProcess(1):375]  - Stopping worker process...
[2024-03-23 06:10:42] - [INFO] - [dramatiq.worker.Worker:128]  - Shutting down...
[2024-03-23 06:10:42] - [DEBUG] - [dramatiq.worker.Worker:133]  - Stopping workers...
[2024-03-23 06:10:42] - [DEBUG] - [dramatiq.worker.WorkerThread:547]  - Stopping worker thread...
[2024-03-23 06:10:42] - [DEBUG] - [dramatiq.worker.WorkerThread:547]  - Stopping worker thread...
[2024-03-23 06:10:42] - [DEBUG] - [dramatiq.worker.WorkerThread:547]  - Stopping worker thread...
[2024-03-23 06:10:42] - [DEBUG] - [dramatiq.worker.WorkerThread:547]  - Stopping worker thread...
[2024-03-23 06:10:42] - [INFO] - [dramatiq.worker.Worker:128]  - Shutting down...
[2024-03-23 06:10:42] - [DEBUG] - [dramatiq.worker.Worker:133]  - Stopping workers...
[2024-03-23 06:10:42] - [DEBUG] - [dramatiq.worker.WorkerThread:547]  - Stopping worker thread...
[2024-03-23 06:10:42] - [DEBUG] - [dramatiq.worker.WorkerThread:547]  - Stopping worker thread...
[2024-03-23 06:10:42] - [DEBUG] - [dramatiq.worker.WorkerThread:547]  - Stopping worker thread...
[2024-03-23 06:10:42] - [DEBUG] - [dramatiq.worker.WorkerThread:547]  - Stopping worker thread...
[2024-03-23 06:10:43] - [DEBUG] - [dramatiq.worker.WorkerThread:465]  - Worker thread stopped.
[2024-03-23 06:10:43] - [DEBUG] - [dramatiq.worker.WorkerThread:465]  - Worker thread stopped.
[2024-03-23 06:10:43] - [DEBUG] - [dramatiq.worker.WorkerThread:465]  - Worker thread stopped.
[2024-03-23 06:10:43] - [DEBUG] - [dramatiq.worker.WorkerThread:465]  - Worker thread stopped.
[2024-03-23 06:10:43] - [DEBUG] - [dramatiq.worker.WorkerThread:465]  - Worker thread stopped.
[2024-03-23 06:10:43] - [DEBUG] - [dramatiq.worker.WorkerThread:465]  - Worker thread stopped.
[2024-03-23 06:10:43] - [DEBUG] - [dramatiq.worker.WorkerThread:465]  - Worker thread stopped.
[2024-03-23 06:10:43] - [DEBUG] - [dramatiq.worker.Worker:138]  - Workers stopped.
[2024-03-23 06:10:43] - [DEBUG] - [dramatiq.worker.Worker:139]  - Stopping consumers...
[2024-03-23 06:10:43] - [DEBUG] - [dramatiq.worker.ConsumerThread(default):411]  - Stopping consumer thread...
[2024-03-23 06:10:43] - [DEBUG] - [dramatiq.worker.ConsumerThread(default.DQ):411]  - Stopping consumer thread...
[2024-03-23 06:10:43] - [DEBUG] - [dramatiq.worker.WorkerThread:465]  - Worker thread stopped.
[2024-03-23 06:10:43] - [DEBUG] - [dramatiq.worker.Worker:138]  - Workers stopped.
[2024-03-23 06:10:43] - [DEBUG] - [dramatiq.worker.Worker:139]  - Stopping consumers...
[2024-03-23 06:10:43] - [DEBUG] - [dramatiq.worker.ConsumerThread(default):411]  - Stopping consumer thread...
[2024-03-23 06:10:43] - [DEBUG] - [dramatiq.worker.ConsumerThread(default.DQ):411]  - Stopping consumer thread...
[2024-03-23 06:10:43] - [DEBUG] - [dramatiq.worker.ConsumerThread(default):294]  - Consumer thread stopped.
[2024-03-23 06:10:43] - [DEBUG] - [dramatiq.worker.ConsumerThread(default):294]  - Consumer thread stopped.
[2024-03-23 06:10:43] - [DEBUG] - [dramatiq.worker.ConsumerThread(default.DQ):294]  - Consumer thread stopped.
[2024-03-23 06:10:43] - [DEBUG] - [dramatiq.worker.Worker:144]  - Consumers stopped.
[2024-03-23 06:10:43] - [DEBUG] - [dramatiq.worker.Worker:146]  - Requeueing in-memory messages...
[2024-03-23 06:10:43] - [DEBUG] - [dramatiq.worker.Worker:156]  - Done requeueing in-progress messages.
[2024-03-23 06:10:43] - [DEBUG] - [dramatiq.worker.Worker:158]  - Closing consumers...
[2024-03-23 06:10:43] - [DEBUG] - [dramatiq.worker.Worker:162]  - Consumers closed.
[2024-03-23 06:10:43] - [INFO] - [dramatiq.worker.Worker:164]  - Worker has been shut down.
[2024-03-23 06:10:43] - [DEBUG] - [dramatiq.worker.ConsumerThread(default.DQ):294]  - Consumer thread stopped.
[2024-03-23 06:10:43] - [DEBUG] - [dramatiq.worker.Worker:144]  - Consumers stopped.
[2024-03-23 06:10:43] - [DEBUG] - [dramatiq.worker.Worker:146]  - Requeueing in-memory messages...
[2024-03-23 06:10:43] - [DEBUG] - [dramatiq.worker.Worker:156]  - Done requeueing in-progress messages.
[2024-03-23 06:10:43] - [DEBUG] - [dramatiq.worker.Worker:158]  - Closing consumers...
[2024-03-23 06:10:43] - [DEBUG] - [dramatiq.worker.Worker:162]  - Consumers closed.
[2024-03-23 06:10:43] - [INFO] - [dramatiq.worker.Worker:164]  - Worker has been shut down.
[2024-03-23 06:10:52,506] [PID 105] [MainThread] [dramatiq.MainProcess] [INFO] Dramatiq '1.12.0' is booting up.
[2024-03-23 06:10:52] - [DEBUG] - [dramatiq.WorkerProcess(0):345]  - Loading modules...
[2024-03-23 06:10:52] - [DEBUG] - [dramatiq.WorkerProcess(0):357]  - Starting worker threads...
[2024-03-23 06:10:52] - [DEBUG] - [dramatiq.worker._WorkerMiddleware:223]  - Adding consumer for queue 'default'.
[2024-03-23 06:10:52] - [DEBUG] - [dramatiq.worker.ConsumerThread(default):248]  - Running consumer thread...
[2024-03-23 06:10:52] - [DEBUG] - [dramatiq.worker._WorkerMiddleware:227]  - Adding consumer for delay queue 'default.DQ'.
[2024-03-23 06:10:52] - [DEBUG] - [dramatiq.worker.ConsumerThread(default.DQ):248]  - Running consumer thread...
[2024-03-23 06:10:52] - [DEBUG] - [dramatiq.worker.WorkerThread:449]  - Running worker thread...
[2024-03-23 06:10:52] - [DEBUG] - [dramatiq.worker.WorkerThread:449]  - Running worker thread...
[2024-03-23 06:10:52] - [DEBUG] - [dramatiq.worker.WorkerThread:449]  - Running worker thread...
[2024-03-23 06:10:52] - [DEBUG] - [dramatiq.worker.WorkerThread:449]  - Running worker thread...
[2024-03-23 06:10:52] - [INFO] - [dramatiq.WorkerProcess(0):381]  - Worker process is ready for action.
[2024-03-23 06:10:52] - [DEBUG] - [dramatiq.WorkerProcess(1):345]  - Loading modules...
[2024-03-23 06:10:52] - [DEBUG] - [dramatiq.WorkerProcess(1):351]  - Sending forks to main process...
[2024-03-23 06:10:52] - [DEBUG] - [dramatiq.WorkerProcess(1):357]  - Starting worker threads...
[2024-03-23 06:10:52] - [DEBUG] - [dramatiq.worker._WorkerMiddleware:223]  - Adding consumer for queue 'default'.
[2024-03-23 06:10:52] - [DEBUG] - [dramatiq.worker.ConsumerThread(default):248]  - Running consumer thread...
[2024-03-23 06:10:52] - [DEBUG] - [dramatiq.worker._WorkerMiddleware:227]  - Adding consumer for delay queue 'default.DQ'.
[2024-03-23 06:10:52] - [DEBUG] - [dramatiq.worker.ConsumerThread(default.DQ):248]  - Running consumer thread...
[2024-03-23 06:10:52] - [DEBUG] - [dramatiq.worker.WorkerThread:449]  - Running worker thread...
[2024-03-23 06:10:52] - [DEBUG] - [dramatiq.worker.WorkerThread:449]  - Running worker thread...
[2024-03-23 06:10:52] - [DEBUG] - [dramatiq.worker.WorkerThread:449]  - Running worker thread...
[2024-03-23 06:10:52] - [DEBUG] - [dramatiq.worker.WorkerThread:449]  - Running worker thread...
[2024-03-23 06:10:52] - [INFO] - [dramatiq.WorkerProcess(1):381]  - Worker process is ready for action.
[2024-03-23 06:56:24,717] [PID 105] [MainThread] [dramatiq.MainProcess] [INFO] Sending signal 15 to subprocesses...
[2024-03-23 06:56:24] - [INFO] - [dramatiq.WorkerProcess(0):375]  - Stopping worker process...
[2024-03-23 06:56:24] - [INFO] - [dramatiq.WorkerProcess(1):375]  - Stopping worker process...
[2024-03-23 06:56:24] - [INFO] - [dramatiq.worker.Worker:128]  - Shutting down...
[2024-03-23 06:56:24] - [DEBUG] - [dramatiq.worker.Worker:133]  - Stopping workers...
[2024-03-23 06:56:24] - [DEBUG] - [dramatiq.worker.WorkerThread:547]  - Stopping worker thread...
[2024-03-23 06:56:24] - [DEBUG] - [dramatiq.worker.WorkerThread:547]  - Stopping worker thread...
[2024-03-23 06:56:24] - [DEBUG] - [dramatiq.worker.WorkerThread:547]  - Stopping worker thread...
[2024-03-23 06:56:24] - [DEBUG] - [dramatiq.worker.WorkerThread:547]  - Stopping worker thread...
[2024-03-23 06:56:24] - [INFO] - [dramatiq.worker.Worker:128]  - Shutting down...
[2024-03-23 06:56:24] - [DEBUG] - [dramatiq.worker.Worker:133]  - Stopping workers...
[2024-03-23 06:56:24] - [DEBUG] - [dramatiq.worker.WorkerThread:547]  - Stopping worker thread...
[2024-03-23 06:56:24] - [DEBUG] - [dramatiq.worker.WorkerThread:547]  - Stopping worker thread...
[2024-03-23 06:56:24] - [DEBUG] - [dramatiq.worker.WorkerThread:547]  - Stopping worker thread...
[2024-03-23 06:56:24] - [DEBUG] - [dramatiq.worker.WorkerThread:547]  - Stopping worker thread...
[2024-03-23 06:56:24] - [DEBUG] - [dramatiq.worker.WorkerThread:465]  - Worker thread stopped.
[2024-03-23 06:56:24] - [DEBUG] - [dramatiq.worker.WorkerThread:465]  - Worker thread stopped.
[2024-03-23 06:56:24] - [DEBUG] - [dramatiq.worker.WorkerThread:465]  - Worker thread stopped.
[2024-03-23 06:56:24] - [DEBUG] - [dramatiq.worker.WorkerThread:465]  - Worker thread stopped.
[2024-03-23 06:56:24] - [DEBUG] - [dramatiq.worker.WorkerThread:465]  - Worker thread stopped.
[2024-03-23 06:56:24] - [DEBUG] - [dramatiq.worker.WorkerThread:465]  - Worker thread stopped.
[2024-03-23 06:56:24] - [DEBUG] - [dramatiq.worker.WorkerThread:465]  - Worker thread stopped.
[2024-03-23 06:56:24] - [DEBUG] - [dramatiq.worker.Worker:138]  - Workers stopped.
[2024-03-23 06:56:24] - [DEBUG] - [dramatiq.worker.Worker:139]  - Stopping consumers...
[2024-03-23 06:56:24] - [DEBUG] - [dramatiq.worker.ConsumerThread(default):411]  - Stopping consumer thread...
[2024-03-23 06:56:24] - [DEBUG] - [dramatiq.worker.ConsumerThread(default.DQ):411]  - Stopping consumer thread...
[2024-03-23 06:56:24] - [DEBUG] - [dramatiq.worker.WorkerThread:465]  - Worker thread stopped.
[2024-03-23 06:56:24] - [DEBUG] - [dramatiq.worker.Worker:138]  - Workers stopped.
[2024-03-23 06:56:24] - [DEBUG] - [dramatiq.worker.Worker:139]  - Stopping consumers...
[2024-03-23 06:56:24] - [DEBUG] - [dramatiq.worker.ConsumerThread(default):411]  - Stopping consumer thread...
[2024-03-23 06:56:24] - [DEBUG] - [dramatiq.worker.ConsumerThread(default.DQ):411]  - Stopping consumer thread...
[2024-03-23 06:56:27] - [CRITICAL] - [dramatiq.worker.ConsumerThread(default):276]  - Consumer encountered a connection error: Error -3 connecting to oj-redis:6379. Try again.
[2024-03-23 06:56:27] - [CRITICAL] - [dramatiq.worker.ConsumerThread(default):276]  - Consumer encountered a connection error: Error -3 connecting to oj-redis:6379. Try again.
[2024-03-23 06:56:27] - [CRITICAL] - [dramatiq.worker.ConsumerThread(default.DQ):276]  - Consumer encountered a connection error: Error -3 connecting to oj-redis:6379. Try again.
[2024-03-23 06:56:27] - [CRITICAL] - [dramatiq.worker.ConsumerThread(default.DQ):276]  - Consumer encountered a connection error: Error -3 connecting to oj-redis:6379. Try again.
[2024-03-23 06:56:28] - [DEBUG] - [dramatiq.worker.ConsumerThread(default):294]  - Consumer thread stopped.
[2024-03-23 06:56:28] - [DEBUG] - [dramatiq.worker.ConsumerThread(default.DQ):294]  - Consumer thread stopped.
[2024-03-23 06:56:28] - [DEBUG] - [dramatiq.worker.Worker:144]  - Consumers stopped.
[2024-03-23 06:56:28] - [DEBUG] - [dramatiq.worker.Worker:146]  - Requeueing in-memory messages...
[2024-03-23 06:56:28] - [DEBUG] - [dramatiq.worker.Worker:156]  - Done requeueing in-progress messages.
[2024-03-23 06:56:28] - [DEBUG] - [dramatiq.worker.Worker:158]  - Closing consumers...
[2024-03-23 06:56:28] - [DEBUG] - [dramatiq.worker.Worker:162]  - Consumers closed.
[2024-03-23 06:56:28] - [INFO] - [dramatiq.worker.Worker:164]  - Worker has been shut down.
[2024-03-23 06:56:28] - [DEBUG] - [dramatiq.worker.ConsumerThread(default):294]  - Consumer thread stopped.
[2024-03-23 06:56:28] - [DEBUG] - [dramatiq.worker.ConsumerThread(default.DQ):294]  - Consumer thread stopped.
[2024-03-23 06:56:28] - [DEBUG] - [dramatiq.worker.Worker:144]  - Consumers stopped.
[2024-03-23 06:56:28] - [DEBUG] - [dramatiq.worker.Worker:146]  - Requeueing in-memory messages...
[2024-03-23 06:56:28] - [DEBUG] - [dramatiq.worker.Worker:156]  - Done requeueing in-progress messages.
[2024-03-23 06:56:28] - [DEBUG] - [dramatiq.worker.Worker:158]  - Closing consumers...
[2024-03-23 06:56:28] - [DEBUG] - [dramatiq.worker.Worker:162]  - Consumers closed.
[2024-03-23 06:56:28] - [INFO] - [dramatiq.worker.Worker:164]  - Worker has been shut down.
[2024-03-23 06:57:32,624] [PID 110] [MainThread] [dramatiq.MainProcess] [INFO] Dramatiq '1.12.0' is booting up.
[2024-03-23 06:57:32] - [DEBUG] - [dramatiq.WorkerProcess(0):345]  - Loading modules...
[2024-03-23 06:57:32] - [DEBUG] - [dramatiq.WorkerProcess(0):357]  - Starting worker threads...
[2024-03-23 06:57:32] - [DEBUG] - [dramatiq.worker._WorkerMiddleware:223]  - Adding consumer for queue 'default'.
[2024-03-23 06:57:32] - [DEBUG] - [dramatiq.worker.ConsumerThread(default):248]  - Running consumer thread...
[2024-03-23 06:57:32] - [DEBUG] - [dramatiq.worker._WorkerMiddleware:227]  - Adding consumer for delay queue 'default.DQ'.
[2024-03-23 06:57:32] - [DEBUG] - [dramatiq.worker.ConsumerThread(default.DQ):248]  - Running consumer thread...
[2024-03-23 06:57:32] - [DEBUG] - [dramatiq.worker.WorkerThread:449]  - Running worker thread...
[2024-03-23 06:57:32] - [DEBUG] - [dramatiq.worker.WorkerThread:449]  - Running worker thread...
[2024-03-23 06:57:32] - [DEBUG] - [dramatiq.worker.WorkerThread:449]  - Running worker thread...
[2024-03-23 06:57:32] - [DEBUG] - [dramatiq.worker.WorkerThread:449]  - Running worker thread...
[2024-03-23 06:57:32] - [INFO] - [dramatiq.WorkerProcess(0):381]  - Worker process is ready for action.
[2024-03-23 06:57:32] - [DEBUG] - [dramatiq.WorkerProcess(1):345]  - Loading modules...
[2024-03-23 06:57:32] - [DEBUG] - [dramatiq.WorkerProcess(1):351]  - Sending forks to main process...
[2024-03-23 06:57:32] - [DEBUG] - [dramatiq.WorkerProcess(1):357]  - Starting worker threads...
[2024-03-23 06:57:32] - [DEBUG] - [dramatiq.worker._WorkerMiddleware:223]  - Adding consumer for queue 'default'.
[2024-03-23 06:57:32] - [DEBUG] - [dramatiq.worker.ConsumerThread(default):248]  - Running consumer thread...
[2024-03-23 06:57:32] - [DEBUG] - [dramatiq.worker._WorkerMiddleware:227]  - Adding consumer for delay queue 'default.DQ'.
[2024-03-23 06:57:32] - [DEBUG] - [dramatiq.worker.ConsumerThread(default.DQ):248]  - Running consumer thread...
[2024-03-23 06:57:32] - [DEBUG] - [dramatiq.worker.WorkerThread:449]  - Running worker thread...
[2024-03-23 06:57:32] - [DEBUG] - [dramatiq.worker.WorkerThread:449]  - Running worker thread...
[2024-03-23 06:57:32] - [DEBUG] - [dramatiq.worker.WorkerThread:449]  - Running worker thread...
[2024-03-23 06:57:32] - [DEBUG] - [dramatiq.worker.WorkerThread:449]  - Running worker thread...
[2024-03-23 06:57:32] - [INFO] - [dramatiq.WorkerProcess(1):381]  - Worker process is ready for action.
[2024-03-23 07:29:11] - [DEBUG] - [dramatiq.worker.ConsumerThread(default):326]  - Pushing message 'cbe14e52-f644-480a-b9c9-cdcebfd89540' onto work queue.
[2024-03-23 07:29:11] - [DEBUG] - [dramatiq.worker.WorkerThread:476]  - Received message judge_task('64c0bf66e2695c9ddfa6bf03c1c58aae', 1) with id 'cbe14e52-f644-480a-b9c9-cdcebfd89540'.
[2024-03-23 07:29:11] - [DEBUG] - [dramatiq.worker.ConsumerThread(default):350]  - Acknowledging message 'cbe14e52-f644-480a-b9c9-cdcebfd89540'.
[2024-03-23 08:02:34] - [CRITICAL] - [dramatiq.worker.ConsumerThread(default.DQ):276]  - Consumer encountered a connection error: Error 111 connecting to oj-redis:6379. Connection refused.
[2024-03-23 08:02:34] - [INFO] - [dramatiq.worker.ConsumerThread(default.DQ):288]  - Restarting consumer in 3.00 seconds.
[2024-03-23 08:02:35] - [ERROR] - [sentry.errors:686]  - Sentry responded with an error: module 'ssl' has no attribute 'wrap_socket' (url: https://sentry.io/api/263057/store/)
Traceback (most recent call last):
  File "/usr/local/lib/python3.12/site-packages/raven/transport/threaded.py", line 165, in send_sync
    super(ThreadedHTTPTransport, self).send(url, data, headers)
  File "/usr/local/lib/python3.12/site-packages/raven/transport/http.py", line 38, in send
    response = urlopen(
               ^^^^^^^^
  File "/usr/local/lib/python3.12/site-packages/raven/utils/http.py", line 66, in urlopen
    return opener.open(url, data, timeout)
           ^^^^^^^^^^^^^^^^^^^^^^^^^^^^^^^
  File "/usr/local/lib/python3.12/urllib/request.py", line 515, in open
    response = self._open(req, data)
               ^^^^^^^^^^^^^^^^^^^^^
  File "/usr/local/lib/python3.12/urllib/request.py", line 532, in _open
    result = self._call_chain(self.handle_open, protocol, protocol +
             ^^^^^^^^^^^^^^^^^^^^^^^^^^^^^^^^^^^^^^^^^^^^^^^^^^^^^^^
  File "/usr/local/lib/python3.12/urllib/request.py", line 492, in _call_chain
    result = func(*args)
             ^^^^^^^^^^^
  File "/usr/local/lib/python3.12/site-packages/raven/utils/http.py", line 46, in https_open
    return self.do_open(ValidHTTPSConnection, req)
           ^^^^^^^^^^^^^^^^^^^^^^^^^^^^^^^^^^^^^^^
  File "/usr/local/lib/python3.12/urllib/request.py", line 1344, in do_open
    h.request(req.get_method(), req.selector, req.data, headers,
  File "/usr/local/lib/python3.12/http/client.py", line 1331, in request
    self._send_request(method, url, body, headers, encode_chunked)
  File "/usr/local/lib/python3.12/http/client.py", line 1377, in _send_request
    self.endheaders(body, encode_chunked=encode_chunked)
  File "/usr/local/lib/python3.12/http/client.py", line 1326, in endheaders
    self._send_output(message_body, encode_chunked=encode_chunked)
  File "/usr/local/lib/python3.12/http/client.py", line 1085, in _send_output
    self.send(msg)
  File "/usr/local/lib/python3.12/http/client.py", line 1029, in send
    self.connect()
  File "/usr/local/lib/python3.12/site-packages/raven/utils/http.py", line 37, in connect
    self.sock = ssl.wrap_socket(
                ^^^^^^^^^^^^^^^
AttributeError: module 'ssl' has no attribute 'wrap_socket'
b"Sentry responded with an error: module 'ssl' has no attribute 'wrap_socket' (url: https://sentry.io/api/263057/store/)"
[2024-03-23 08:02:35] - [ERROR] - [sentry.errors.uncaught:712]  - ['Consumer encountered a connection error: Error 111 connecting to oj-redis:6379. Connection refused.']
b"['Consumer encountered a connection error: Error 111 connecting to oj-redis:6379. Connection refused.']"
[2024-03-23 08:02:36,856] [PID 110] [MainThread] [dramatiq.MainProcess] [INFO] Sending signal 15 to subprocesses...
[2024-03-23 08:02:36] - [INFO] - [dramatiq.WorkerProcess(0):375]  - Stopping worker process...
[2024-03-23 08:02:36] - [INFO] - [dramatiq.WorkerProcess(1):375]  - Stopping worker process...
[2024-03-23 08:02:36] - [INFO] - [dramatiq.worker.Worker:128]  - Shutting down...
[2024-03-23 08:02:36] - [DEBUG] - [dramatiq.worker.Worker:133]  - Stopping workers...
[2024-03-23 08:02:36] - [DEBUG] - [dramatiq.worker.WorkerThread:547]  - Stopping worker thread...
[2024-03-23 08:02:36] - [DEBUG] - [dramatiq.worker.WorkerThread:547]  - Stopping worker thread...
[2024-03-23 08:02:36] - [DEBUG] - [dramatiq.worker.WorkerThread:547]  - Stopping worker thread...
[2024-03-23 08:02:36] - [DEBUG] - [dramatiq.worker.WorkerThread:547]  - Stopping worker thread...
[2024-03-23 08:02:36] - [INFO] - [dramatiq.worker.Worker:128]  - Shutting down...
[2024-03-23 08:02:36] - [DEBUG] - [dramatiq.worker.Worker:133]  - Stopping workers...
[2024-03-23 08:02:36] - [DEBUG] - [dramatiq.worker.WorkerThread:547]  - Stopping worker thread...
[2024-03-23 08:02:36] - [DEBUG] - [dramatiq.worker.WorkerThread:547]  - Stopping worker thread...
[2024-03-23 08:02:36] - [DEBUG] - [dramatiq.worker.WorkerThread:547]  - Stopping worker thread...
[2024-03-23 08:02:36] - [DEBUG] - [dramatiq.worker.WorkerThread:547]  - Stopping worker thread...
[2024-03-23 08:02:37] - [DEBUG] - [dramatiq.worker.WorkerThread:465]  - Worker thread stopped.
[2024-03-23 08:02:37] - [DEBUG] - [dramatiq.worker.WorkerThread:465]  - Worker thread stopped.
[2024-03-23 08:02:37] - [DEBUG] - [dramatiq.worker.WorkerThread:465]  - Worker thread stopped.
[2024-03-23 08:02:37] - [DEBUG] - [dramatiq.worker.WorkerThread:465]  - Worker thread stopped.
[2024-03-23 08:02:37] - [DEBUG] - [dramatiq.worker.Worker:138]  - Workers stopped.
[2024-03-23 08:02:37] - [DEBUG] - [dramatiq.worker.Worker:139]  - Stopping consumers...
[2024-03-23 08:02:37] - [DEBUG] - [dramatiq.worker.ConsumerThread(default):411]  - Stopping consumer thread...
[2024-03-23 08:02:37] - [DEBUG] - [dramatiq.worker.ConsumerThread(default.DQ):411]  - Stopping consumer thread...
[2024-03-23 08:02:37] - [DEBUG] - [dramatiq.worker.WorkerThread:465]  - Worker thread stopped.
[2024-03-23 08:02:37] - [DEBUG] - [dramatiq.worker.WorkerThread:465]  - Worker thread stopped.
[2024-03-23 08:02:37] - [DEBUG] - [dramatiq.worker.WorkerThread:465]  - Worker thread stopped.
[2024-03-23 08:02:37] - [DEBUG] - [dramatiq.worker.ConsumerThread(default.DQ):294]  - Consumer thread stopped.
[2024-03-23 08:02:37] - [DEBUG] - [dramatiq.worker.ConsumerThread(default):294]  - Consumer thread stopped.
[2024-03-23 08:02:37] - [DEBUG] - [dramatiq.worker.Worker:144]  - Consumers stopped.
[2024-03-23 08:02:37] - [DEBUG] - [dramatiq.worker.Worker:146]  - Requeueing in-memory messages...
[2024-03-23 08:02:37] - [DEBUG] - [dramatiq.worker.Worker:156]  - Done requeueing in-progress messages.
[2024-03-23 08:02:37] - [DEBUG] - [dramatiq.worker.Worker:158]  - Closing consumers...
[2024-03-23 08:02:37] - [DEBUG] - [dramatiq.worker.Worker:162]  - Consumers closed.
[2024-03-23 08:02:37] - [INFO] - [dramatiq.worker.Worker:164]  - Worker has been shut down.
[2024-03-23 08:02:37] - [DEBUG] - [dramatiq.worker.WorkerThread:465]  - Worker thread stopped.
[2024-03-23 08:02:37] - [DEBUG] - [dramatiq.worker.Worker:138]  - Workers stopped.
[2024-03-23 08:02:37] - [DEBUG] - [dramatiq.worker.Worker:139]  - Stopping consumers...
[2024-03-23 08:02:37] - [DEBUG] - [dramatiq.worker.ConsumerThread(default):411]  - Stopping consumer thread...
[2024-03-23 08:02:37] - [DEBUG] - [dramatiq.worker.ConsumerThread(default.DQ):411]  - Stopping consumer thread...
[2024-03-23 08:02:37] - [DEBUG] - [dramatiq.worker.ConsumerThread(default):294]  - Consumer thread stopped.
[2024-03-23 08:02:38] - [DEBUG] - [dramatiq.worker.ConsumerThread(default.DQ):294]  - Consumer thread stopped.
[2024-03-23 08:02:38] - [DEBUG] - [dramatiq.worker.Worker:144]  - Consumers stopped.
[2024-03-23 08:02:38] - [DEBUG] - [dramatiq.worker.Worker:146]  - Requeueing in-memory messages...
[2024-03-23 08:02:38] - [DEBUG] - [dramatiq.worker.Worker:156]  - Done requeueing in-progress messages.
[2024-03-23 08:02:38] - [DEBUG] - [dramatiq.worker.Worker:158]  - Closing consumers...
[2024-03-23 08:02:38] - [DEBUG] - [dramatiq.worker.Worker:162]  - Consumers closed.
[2024-03-23 08:02:38] - [INFO] - [dramatiq.worker.Worker:164]  - Worker has been shut down.
[2024-03-23 08:02:46,783] [PID 168] [MainThread] [dramatiq.MainProcess] [INFO] Dramatiq '1.12.0' is booting up.
[2024-03-23 08:02:46] - [DEBUG] - [dramatiq.WorkerProcess(0):345]  - Loading modules...
[2024-03-23 08:02:46] - [DEBUG] - [dramatiq.WorkerProcess(0):351]  - Sending forks to main process...
[2024-03-23 08:02:46] - [DEBUG] - [dramatiq.WorkerProcess(0):357]  - Starting worker threads...
[2024-03-23 08:02:46] - [DEBUG] - [dramatiq.worker._WorkerMiddleware:223]  - Adding consumer for queue 'default'.
[2024-03-23 08:02:46] - [DEBUG] - [dramatiq.worker.ConsumerThread(default):248]  - Running consumer thread...
[2024-03-23 08:02:46] - [DEBUG] - [dramatiq.worker._WorkerMiddleware:227]  - Adding consumer for delay queue 'default.DQ'.
[2024-03-23 08:02:46] - [DEBUG] - [dramatiq.worker.ConsumerThread(default.DQ):248]  - Running consumer thread...
[2024-03-23 08:02:46] - [DEBUG] - [dramatiq.worker.WorkerThread:449]  - Running worker thread...
[2024-03-23 08:02:46] - [DEBUG] - [dramatiq.worker.WorkerThread:449]  - Running worker thread...
[2024-03-23 08:02:46] - [DEBUG] - [dramatiq.worker.WorkerThread:449]  - Running worker thread...
[2024-03-23 08:02:46] - [DEBUG] - [dramatiq.worker.WorkerThread:449]  - Running worker thread...
[2024-03-23 08:02:46] - [INFO] - [dramatiq.WorkerProcess(0):381]  - Worker process is ready for action.
[2024-03-23 08:02:46] - [DEBUG] - [dramatiq.WorkerProcess(1):345]  - Loading modules...
[2024-03-23 08:02:46] - [DEBUG] - [dramatiq.WorkerProcess(1):357]  - Starting worker threads...
[2024-03-23 08:02:46] - [DEBUG] - [dramatiq.worker._WorkerMiddleware:223]  - Adding consumer for queue 'default'.
[2024-03-23 08:02:46] - [DEBUG] - [dramatiq.worker.ConsumerThread(default):248]  - Running consumer thread...
[2024-03-23 08:02:46] - [DEBUG] - [dramatiq.worker._WorkerMiddleware:227]  - Adding consumer for delay queue 'default.DQ'.
[2024-03-23 08:02:46] - [DEBUG] - [dramatiq.worker.ConsumerThread(default.DQ):248]  - Running consumer thread...
[2024-03-23 08:02:46] - [DEBUG] - [dramatiq.worker.WorkerThread:449]  - Running worker thread...
[2024-03-23 08:02:46] - [DEBUG] - [dramatiq.worker.WorkerThread:449]  - Running worker thread...
[2024-03-23 08:02:46] - [DEBUG] - [dramatiq.worker.WorkerThread:449]  - Running worker thread...
[2024-03-23 08:02:46] - [DEBUG] - [dramatiq.worker.WorkerThread:449]  - Running worker thread...
[2024-03-23 08:02:46] - [INFO] - [dramatiq.WorkerProcess(1):381]  - Worker process is ready for action.
[2024-03-23 08:04:48,295] [PID 168] [MainThread] [dramatiq.MainProcess] [INFO] Sending signal 15 to subprocesses...
[2024-03-23 08:04:48] - [INFO] - [dramatiq.WorkerProcess(0):375]  - Stopping worker process...
[2024-03-23 08:04:48] - [INFO] - [dramatiq.WorkerProcess(1):375]  - Stopping worker process...
[2024-03-23 08:04:48] - [INFO] - [dramatiq.worker.Worker:128]  - Shutting down...
[2024-03-23 08:04:48] - [DEBUG] - [dramatiq.worker.Worker:133]  - Stopping workers...
[2024-03-23 08:04:48] - [DEBUG] - [dramatiq.worker.WorkerThread:547]  - Stopping worker thread...
[2024-03-23 08:04:48] - [DEBUG] - [dramatiq.worker.WorkerThread:547]  - Stopping worker thread...
[2024-03-23 08:04:48] - [DEBUG] - [dramatiq.worker.WorkerThread:547]  - Stopping worker thread...
[2024-03-23 08:04:48] - [DEBUG] - [dramatiq.worker.WorkerThread:547]  - Stopping worker thread...
[2024-03-23 08:04:48] - [DEBUG] - [dramatiq.worker.WorkerThread:465]  - Worker thread stopped.
[2024-03-23 08:04:48] - [DEBUG] - [dramatiq.worker.WorkerThread:465]  - Worker thread stopped.
[2024-03-23 08:04:48] - [DEBUG] - [dramatiq.worker.WorkerThread:465]  - Worker thread stopped.
[2024-03-23 08:04:48] - [DEBUG] - [dramatiq.worker.WorkerThread:465]  - Worker thread stopped.
[2024-03-23 08:04:48] - [DEBUG] - [dramatiq.worker.Worker:138]  - Workers stopped.
[2024-03-23 08:04:48] - [DEBUG] - [dramatiq.worker.Worker:139]  - Stopping consumers...
[2024-03-23 08:04:48] - [DEBUG] - [dramatiq.worker.ConsumerThread(default):411]  - Stopping consumer thread...
[2024-03-23 08:04:48] - [DEBUG] - [dramatiq.worker.ConsumerThread(default.DQ):411]  - Stopping consumer thread...
[2024-03-23 08:04:48] - [DEBUG] - [dramatiq.worker.ConsumerThread(default.DQ):294]  - Consumer thread stopped.
[2024-03-23 08:04:48] - [INFO] - [dramatiq.worker.Worker:128]  - Shutting down...
[2024-03-23 08:04:48] - [DEBUG] - [dramatiq.worker.Worker:133]  - Stopping workers...
[2024-03-23 08:04:48] - [DEBUG] - [dramatiq.worker.WorkerThread:547]  - Stopping worker thread...
[2024-03-23 08:04:48] - [DEBUG] - [dramatiq.worker.WorkerThread:547]  - Stopping worker thread...
[2024-03-23 08:04:48] - [DEBUG] - [dramatiq.worker.WorkerThread:547]  - Stopping worker thread...
[2024-03-23 08:04:48] - [DEBUG] - [dramatiq.worker.WorkerThread:547]  - Stopping worker thread...
[2024-03-23 08:04:48] - [DEBUG] - [dramatiq.worker.WorkerThread:465]  - Worker thread stopped.
[2024-03-23 08:04:48] - [DEBUG] - [dramatiq.worker.WorkerThread:465]  - Worker thread stopped.
[2024-03-23 08:04:48] - [DEBUG] - [dramatiq.worker.WorkerThread:465]  - Worker thread stopped.
[2024-03-23 08:04:48] - [DEBUG] - [dramatiq.worker.WorkerThread:465]  - Worker thread stopped.
[2024-03-23 08:04:48] - [DEBUG] - [dramatiq.worker.Worker:138]  - Workers stopped.
[2024-03-23 08:04:48] - [DEBUG] - [dramatiq.worker.Worker:139]  - Stopping consumers...
[2024-03-23 08:04:48] - [DEBUG] - [dramatiq.worker.ConsumerThread(default):411]  - Stopping consumer thread...
[2024-03-23 08:04:48] - [DEBUG] - [dramatiq.worker.ConsumerThread(default.DQ):411]  - Stopping consumer thread...
[2024-03-23 08:04:48] - [DEBUG] - [dramatiq.worker.ConsumerThread(default):294]  - Consumer thread stopped.
[2024-03-23 08:04:49] - [DEBUG] - [dramatiq.worker.ConsumerThread(default.DQ):294]  - Consumer thread stopped.
[2024-03-23 08:04:49] - [DEBUG] - [dramatiq.worker.Worker:144]  - Consumers stopped.
[2024-03-23 08:04:49] - [DEBUG] - [dramatiq.worker.Worker:146]  - Requeueing in-memory messages...
[2024-03-23 08:04:49] - [DEBUG] - [dramatiq.worker.Worker:156]  - Done requeueing in-progress messages.
[2024-03-23 08:04:49] - [DEBUG] - [dramatiq.worker.Worker:158]  - Closing consumers...
[2024-03-23 08:04:49] - [DEBUG] - [dramatiq.worker.Worker:162]  - Consumers closed.
[2024-03-23 08:04:49] - [INFO] - [dramatiq.worker.Worker:164]  - Worker has been shut down.
[2024-03-23 08:04:49] - [DEBUG] - [dramatiq.worker.ConsumerThread(default):294]  - Consumer thread stopped.
[2024-03-23 08:04:49] - [DEBUG] - [dramatiq.worker.Worker:144]  - Consumers stopped.
[2024-03-23 08:04:49] - [DEBUG] - [dramatiq.worker.Worker:146]  - Requeueing in-memory messages...
[2024-03-23 08:04:49] - [DEBUG] - [dramatiq.worker.Worker:156]  - Done requeueing in-progress messages.
[2024-03-23 08:04:49] - [DEBUG] - [dramatiq.worker.Worker:158]  - Closing consumers...
[2024-03-23 08:04:49] - [DEBUG] - [dramatiq.worker.Worker:162]  - Consumers closed.
[2024-03-23 08:04:49] - [INFO] - [dramatiq.worker.Worker:164]  - Worker has been shut down.
[2024-03-23 08:05:03,473] [PID 168] [MainThread] [dramatiq.MainProcess] [INFO] Dramatiq '1.12.0' is booting up.
[2024-03-23 08:05:03] - [DEBUG] - [dramatiq.WorkerProcess(0):345]  - Loading modules...
[2024-03-23 08:05:03] - [DEBUG] - [dramatiq.WorkerProcess(0):351]  - Sending forks to main process...
[2024-03-23 08:05:03] - [DEBUG] - [dramatiq.WorkerProcess(0):357]  - Starting worker threads...
[2024-03-23 08:05:03] - [DEBUG] - [dramatiq.worker._WorkerMiddleware:223]  - Adding consumer for queue 'default'.
[2024-03-23 08:05:03] - [DEBUG] - [dramatiq.worker.ConsumerThread(default):248]  - Running consumer thread...
[2024-03-23 08:05:03] - [DEBUG] - [dramatiq.worker._WorkerMiddleware:227]  - Adding consumer for delay queue 'default.DQ'.
[2024-03-23 08:05:03] - [DEBUG] - [dramatiq.worker.ConsumerThread(default.DQ):248]  - Running consumer thread...
[2024-03-23 08:05:03] - [DEBUG] - [dramatiq.worker.WorkerThread:449]  - Running worker thread...
[2024-03-23 08:05:03] - [DEBUG] - [dramatiq.worker.WorkerThread:449]  - Running worker thread...
[2024-03-23 08:05:03] - [DEBUG] - [dramatiq.worker.WorkerThread:449]  - Running worker thread...
[2024-03-23 08:05:03] - [INFO] - [dramatiq.WorkerProcess(0):381]  - Worker process is ready for action.
[2024-03-23 08:05:03] - [DEBUG] - [dramatiq.worker.WorkerThread:449]  - Running worker thread...
[2024-03-23 08:05:03] - [DEBUG] - [dramatiq.WorkerProcess(1):345]  - Loading modules...
[2024-03-23 08:05:03] - [DEBUG] - [dramatiq.WorkerProcess(1):357]  - Starting worker threads...
[2024-03-23 08:05:03] - [DEBUG] - [dramatiq.worker._WorkerMiddleware:223]  - Adding consumer for queue 'default'.
[2024-03-23 08:05:03] - [DEBUG] - [dramatiq.worker.ConsumerThread(default):248]  - Running consumer thread...
[2024-03-23 08:05:03] - [DEBUG] - [dramatiq.worker._WorkerMiddleware:227]  - Adding consumer for delay queue 'default.DQ'.
[2024-03-23 08:05:03] - [DEBUG] - [dramatiq.worker.ConsumerThread(default.DQ):248]  - Running consumer thread...
[2024-03-23 08:05:03] - [DEBUG] - [dramatiq.worker.WorkerThread:449]  - Running worker thread...
[2024-03-23 08:05:03] - [DEBUG] - [dramatiq.worker.WorkerThread:449]  - Running worker thread...
[2024-03-23 08:05:03] - [DEBUG] - [dramatiq.worker.WorkerThread:449]  - Running worker thread...
[2024-03-23 08:05:03] - [DEBUG] - [dramatiq.worker.WorkerThread:449]  - Running worker thread...
[2024-03-23 08:05:03] - [INFO] - [dramatiq.WorkerProcess(1):381]  - Worker process is ready for action.
[2024-03-23 08:45:06] - [DEBUG] - [dramatiq.worker.ConsumerThread(default):326]  - Pushing message 'f5b83c22-ef55-4e78-85ed-83119056040d' onto work queue.
[2024-03-23 08:45:06] - [DEBUG] - [dramatiq.worker.WorkerThread:476]  - Received message judge_task('82b5129444f70afe2ca099e63dfd16b8', 1) with id 'f5b83c22-ef55-4e78-85ed-83119056040d'.
[2024-03-23 08:45:09] - [DEBUG] - [dramatiq.worker.ConsumerThread(default):350]  - Acknowledging message 'f5b83c22-ef55-4e78-85ed-83119056040d'.
[2024-03-23 08:45:53,531] [PID 168] [MainThread] [dramatiq.MainProcess] [INFO] Sending signal 15 to subprocesses...
[2024-03-23 08:45:53] - [INFO] - [dramatiq.WorkerProcess(0):375]  - Stopping worker process...
[2024-03-23 08:45:53] - [INFO] - [dramatiq.WorkerProcess(1):375]  - Stopping worker process...
[2024-03-23 08:45:53] - [INFO] - [dramatiq.worker.Worker:128]  - Shutting down...
[2024-03-23 08:45:53] - [DEBUG] - [dramatiq.worker.Worker:133]  - Stopping workers...
[2024-03-23 08:45:53] - [DEBUG] - [dramatiq.worker.WorkerThread:547]  - Stopping worker thread...
[2024-03-23 08:45:53] - [DEBUG] - [dramatiq.worker.WorkerThread:547]  - Stopping worker thread...
[2024-03-23 08:45:53] - [DEBUG] - [dramatiq.worker.WorkerThread:547]  - Stopping worker thread...
[2024-03-23 08:45:53] - [DEBUG] - [dramatiq.worker.WorkerThread:547]  - Stopping worker thread...
[2024-03-23 08:45:53] - [INFO] - [dramatiq.worker.Worker:128]  - Shutting down...
[2024-03-23 08:45:53] - [DEBUG] - [dramatiq.worker.Worker:133]  - Stopping workers...
[2024-03-23 08:45:53] - [DEBUG] - [dramatiq.worker.WorkerThread:547]  - Stopping worker thread...
[2024-03-23 08:45:53] - [DEBUG] - [dramatiq.worker.WorkerThread:547]  - Stopping worker thread...
[2024-03-23 08:45:53] - [DEBUG] - [dramatiq.worker.WorkerThread:547]  - Stopping worker thread...
[2024-03-23 08:45:53] - [DEBUG] - [dramatiq.worker.WorkerThread:547]  - Stopping worker thread...
[2024-03-23 08:45:53] - [DEBUG] - [dramatiq.worker.WorkerThread:465]  - Worker thread stopped.
[2024-03-23 08:45:53] - [DEBUG] - [dramatiq.worker.WorkerThread:465]  - Worker thread stopped.
[2024-03-23 08:45:53] - [DEBUG] - [dramatiq.worker.WorkerThread:465]  - Worker thread stopped.
[2024-03-23 08:45:53] - [DEBUG] - [dramatiq.worker.WorkerThread:465]  - Worker thread stopped.
[2024-03-23 08:45:53] - [DEBUG] - [dramatiq.worker.WorkerThread:465]  - Worker thread stopped.
[2024-03-23 08:45:53] - [DEBUG] - [dramatiq.worker.WorkerThread:465]  - Worker thread stopped.
[2024-03-23 08:45:53] - [DEBUG] - [dramatiq.worker.WorkerThread:465]  - Worker thread stopped.
[2024-03-23 08:45:53] - [DEBUG] - [dramatiq.worker.WorkerThread:465]  - Worker thread stopped.
[2024-03-23 08:45:53] - [DEBUG] - [dramatiq.worker.Worker:138]  - Workers stopped.
[2024-03-23 08:45:53] - [DEBUG] - [dramatiq.worker.Worker:139]  - Stopping consumers...
[2024-03-23 08:45:53] - [DEBUG] - [dramatiq.worker.ConsumerThread(default):411]  - Stopping consumer thread...
[2024-03-23 08:45:53] - [DEBUG] - [dramatiq.worker.ConsumerThread(default.DQ):411]  - Stopping consumer thread...
[2024-03-23 08:45:53] - [DEBUG] - [dramatiq.worker.Worker:138]  - Workers stopped.
[2024-03-23 08:45:53] - [DEBUG] - [dramatiq.worker.Worker:139]  - Stopping consumers...
[2024-03-23 08:45:53] - [DEBUG] - [dramatiq.worker.ConsumerThread(default):411]  - Stopping consumer thread...
[2024-03-23 08:45:53] - [DEBUG] - [dramatiq.worker.ConsumerThread(default.DQ):411]  - Stopping consumer thread...
[2024-03-23 08:45:53] - [DEBUG] - [dramatiq.worker.ConsumerThread(default):294]  - Consumer thread stopped.
[2024-03-23 08:45:53] - [DEBUG] - [dramatiq.worker.ConsumerThread(default.DQ):294]  - Consumer thread stopped.
[2024-03-23 08:45:53] - [DEBUG] - [dramatiq.worker.Worker:144]  - Consumers stopped.
[2024-03-23 08:45:53] - [DEBUG] - [dramatiq.worker.Worker:146]  - Requeueing in-memory messages...
[2024-03-23 08:45:53] - [DEBUG] - [dramatiq.worker.Worker:156]  - Done requeueing in-progress messages.
[2024-03-23 08:45:53] - [DEBUG] - [dramatiq.worker.Worker:158]  - Closing consumers...
[2024-03-23 08:45:53] - [DEBUG] - [dramatiq.worker.Worker:162]  - Consumers closed.
[2024-03-23 08:45:53] - [INFO] - [dramatiq.worker.Worker:164]  - Worker has been shut down.
[2024-03-23 08:45:53] - [DEBUG] - [dramatiq.worker.ConsumerThread(default):294]  - Consumer thread stopped.
[2024-03-23 08:45:54] - [DEBUG] - [dramatiq.worker.ConsumerThread(default.DQ):294]  - Consumer thread stopped.
[2024-03-23 08:45:54] - [DEBUG] - [dramatiq.worker.Worker:144]  - Consumers stopped.
[2024-03-23 08:45:54] - [DEBUG] - [dramatiq.worker.Worker:146]  - Requeueing in-memory messages...
[2024-03-23 08:45:54] - [DEBUG] - [dramatiq.worker.Worker:156]  - Done requeueing in-progress messages.
[2024-03-23 08:45:54] - [DEBUG] - [dramatiq.worker.Worker:158]  - Closing consumers...
[2024-03-23 08:45:54] - [DEBUG] - [dramatiq.worker.Worker:162]  - Consumers closed.
[2024-03-23 08:45:54] - [INFO] - [dramatiq.worker.Worker:164]  - Worker has been shut down.
[2024-03-23 08:46:08,007] [PID 169] [MainThread] [dramatiq.MainProcess] [INFO] Dramatiq '1.12.0' is booting up.
[2024-03-23 08:46:07] - [DEBUG] - [dramatiq.WorkerProcess(0):345]  - Loading modules...
[2024-03-23 08:46:08] - [DEBUG] - [dramatiq.WorkerProcess(0):357]  - Starting worker threads...
[2024-03-23 08:46:08] - [DEBUG] - [dramatiq.worker._WorkerMiddleware:223]  - Adding consumer for queue 'default'.
[2024-03-23 08:46:08] - [DEBUG] - [dramatiq.worker.ConsumerThread(default):248]  - Running consumer thread...
[2024-03-23 08:46:08] - [DEBUG] - [dramatiq.worker._WorkerMiddleware:227]  - Adding consumer for delay queue 'default.DQ'.
[2024-03-23 08:46:08] - [DEBUG] - [dramatiq.worker.ConsumerThread(default.DQ):248]  - Running consumer thread...
[2024-03-23 08:46:08] - [DEBUG] - [dramatiq.worker.WorkerThread:449]  - Running worker thread...
[2024-03-23 08:46:08] - [DEBUG] - [dramatiq.worker.WorkerThread:449]  - Running worker thread...
[2024-03-23 08:46:08] - [DEBUG] - [dramatiq.worker.WorkerThread:449]  - Running worker thread...
[2024-03-23 08:46:08] - [DEBUG] - [dramatiq.worker.WorkerThread:449]  - Running worker thread...
[2024-03-23 08:46:08] - [INFO] - [dramatiq.WorkerProcess(0):381]  - Worker process is ready for action.
[2024-03-23 08:46:07] - [DEBUG] - [dramatiq.WorkerProcess(1):345]  - Loading modules...
[2024-03-23 08:46:07] - [DEBUG] - [dramatiq.WorkerProcess(1):351]  - Sending forks to main process...
[2024-03-23 08:46:07] - [DEBUG] - [dramatiq.WorkerProcess(1):357]  - Starting worker threads...
[2024-03-23 08:46:07] - [DEBUG] - [dramatiq.worker._WorkerMiddleware:223]  - Adding consumer for queue 'default'.
[2024-03-23 08:46:07] - [DEBUG] - [dramatiq.worker.ConsumerThread(default):248]  - Running consumer thread...
[2024-03-23 08:46:07] - [DEBUG] - [dramatiq.worker._WorkerMiddleware:227]  - Adding consumer for delay queue 'default.DQ'.
[2024-03-23 08:46:07] - [DEBUG] - [dramatiq.worker.ConsumerThread(default.DQ):248]  - Running consumer thread...
[2024-03-23 08:46:07] - [DEBUG] - [dramatiq.worker.WorkerThread:449]  - Running worker thread...
[2024-03-23 08:46:07] - [DEBUG] - [dramatiq.worker.WorkerThread:449]  - Running worker thread...
[2024-03-23 08:46:07] - [DEBUG] - [dramatiq.worker.WorkerThread:449]  - Running worker thread...
[2024-03-23 08:46:08] - [DEBUG] - [dramatiq.worker.WorkerThread:449]  - Running worker thread...
[2024-03-23 08:46:08] - [INFO] - [dramatiq.WorkerProcess(1):381]  - Worker process is ready for action.
[2024-03-23 09:03:25] - [CRITICAL] - [dramatiq.worker.ConsumerThread(default):276]  - Consumer encountered a connection error: Error 111 connecting to oj-redis:6379. Connection refused.
[2024-03-23 09:03:25] - [CRITICAL] - [dramatiq.worker.ConsumerThread(default.DQ):276]  - Consumer encountered a connection error: Error 111 connecting to oj-redis:6379. Connection refused.
[2024-03-23 09:03:25] - [INFO] - [dramatiq.worker.ConsumerThread(default):288]  - Restarting consumer in 3.00 seconds.
[2024-03-23 09:03:25] - [INFO] - [dramatiq.worker.ConsumerThread(default.DQ):288]  - Restarting consumer in 3.00 seconds.
[2024-03-23 09:03:26] - [ERROR] - [sentry.errors:686]  - Sentry responded with an error: module 'ssl' has no attribute 'wrap_socket' (url: https://sentry.io/api/263057/store/)
Traceback (most recent call last):
  File "/usr/local/lib/python3.12/site-packages/raven/transport/threaded.py", line 165, in send_sync
    super(ThreadedHTTPTransport, self).send(url, data, headers)
  File "/usr/local/lib/python3.12/site-packages/raven/transport/http.py", line 38, in send
    response = urlopen(
               ^^^^^^^^
  File "/usr/local/lib/python3.12/site-packages/raven/utils/http.py", line 66, in urlopen
    return opener.open(url, data, timeout)
           ^^^^^^^^^^^^^^^^^^^^^^^^^^^^^^^
  File "/usr/local/lib/python3.12/urllib/request.py", line 515, in open
    response = self._open(req, data)
               ^^^^^^^^^^^^^^^^^^^^^
  File "/usr/local/lib/python3.12/urllib/request.py", line 532, in _open
    result = self._call_chain(self.handle_open, protocol, protocol +
             ^^^^^^^^^^^^^^^^^^^^^^^^^^^^^^^^^^^^^^^^^^^^^^^^^^^^^^^
  File "/usr/local/lib/python3.12/urllib/request.py", line 492, in _call_chain
    result = func(*args)
             ^^^^^^^^^^^
  File "/usr/local/lib/python3.12/site-packages/raven/utils/http.py", line 46, in https_open
    return self.do_open(ValidHTTPSConnection, req)
           ^^^^^^^^^^^^^^^^^^^^^^^^^^^^^^^^^^^^^^^
  File "/usr/local/lib/python3.12/urllib/request.py", line 1344, in do_open
    h.request(req.get_method(), req.selector, req.data, headers,
  File "/usr/local/lib/python3.12/http/client.py", line 1331, in request
    self._send_request(method, url, body, headers, encode_chunked)
  File "/usr/local/lib/python3.12/http/client.py", line 1377, in _send_request
    self.endheaders(body, encode_chunked=encode_chunked)
  File "/usr/local/lib/python3.12/http/client.py", line 1326, in endheaders
    self._send_output(message_body, encode_chunked=encode_chunked)
  File "/usr/local/lib/python3.12/http/client.py", line 1085, in _send_output
    self.send(msg)
  File "/usr/local/lib/python3.12/http/client.py", line 1029, in send
    self.connect()
  File "/usr/local/lib/python3.12/site-packages/raven/utils/http.py", line 37, in connect
    self.sock = ssl.wrap_socket(
                ^^^^^^^^^^^^^^^
AttributeError: module 'ssl' has no attribute 'wrap_socket'
b"Sentry responded with an error: module 'ssl' has no attribute 'wrap_socket' (url: https://sentry.io/api/263057/store/)"
[2024-03-23 09:03:26] - [ERROR] - [sentry.errors.uncaught:712]  - ['Consumer encountered a connection error: Error 111 connecting to oj-redis:6379. Connection refused.']
b"['Consumer encountered a connection error: Error 111 connecting to oj-redis:6379. Connection refused.']"
[2024-03-23 09:03:26,529] [PID 169] [MainThread] [dramatiq.MainProcess] [INFO] Sending signal 15 to subprocesses...
[2024-03-23 09:03:26] - [INFO] - [dramatiq.WorkerProcess(0):375]  - Stopping worker process...
[2024-03-23 09:03:26] - [INFO] - [dramatiq.WorkerProcess(1):375]  - Stopping worker process...
[2024-03-23 09:03:26] - [ERROR] - [sentry.errors:686]  - Sentry responded with an error: module 'ssl' has no attribute 'wrap_socket' (url: https://sentry.io/api/263057/store/)
Traceback (most recent call last):
  File "/usr/local/lib/python3.12/site-packages/raven/transport/threaded.py", line 165, in send_sync
    super(ThreadedHTTPTransport, self).send(url, data, headers)
  File "/usr/local/lib/python3.12/site-packages/raven/transport/http.py", line 38, in send
    response = urlopen(
               ^^^^^^^^
  File "/usr/local/lib/python3.12/site-packages/raven/utils/http.py", line 66, in urlopen
    return opener.open(url, data, timeout)
           ^^^^^^^^^^^^^^^^^^^^^^^^^^^^^^^
  File "/usr/local/lib/python3.12/urllib/request.py", line 515, in open
    response = self._open(req, data)
               ^^^^^^^^^^^^^^^^^^^^^
  File "/usr/local/lib/python3.12/urllib/request.py", line 532, in _open
    result = self._call_chain(self.handle_open, protocol, protocol +
             ^^^^^^^^^^^^^^^^^^^^^^^^^^^^^^^^^^^^^^^^^^^^^^^^^^^^^^^
  File "/usr/local/lib/python3.12/urllib/request.py", line 492, in _call_chain
    result = func(*args)
             ^^^^^^^^^^^
  File "/usr/local/lib/python3.12/site-packages/raven/utils/http.py", line 46, in https_open
    return self.do_open(ValidHTTPSConnection, req)
           ^^^^^^^^^^^^^^^^^^^^^^^^^^^^^^^^^^^^^^^
  File "/usr/local/lib/python3.12/urllib/request.py", line 1344, in do_open
    h.request(req.get_method(), req.selector, req.data, headers,
  File "/usr/local/lib/python3.12/http/client.py", line 1331, in request
    self._send_request(method, url, body, headers, encode_chunked)
  File "/usr/local/lib/python3.12/http/client.py", line 1377, in _send_request
    self.endheaders(body, encode_chunked=encode_chunked)
  File "/usr/local/lib/python3.12/http/client.py", line 1326, in endheaders
    self._send_output(message_body, encode_chunked=encode_chunked)
  File "/usr/local/lib/python3.12/http/client.py", line 1085, in _send_output
    self.send(msg)
  File "/usr/local/lib/python3.12/http/client.py", line 1029, in send
    self.connect()
  File "/usr/local/lib/python3.12/site-packages/raven/utils/http.py", line 37, in connect
    self.sock = ssl.wrap_socket(
                ^^^^^^^^^^^^^^^
AttributeError: module 'ssl' has no attribute 'wrap_socket'
b"Sentry responded with an error: module 'ssl' has no attribute 'wrap_socket' (url: https://sentry.io/api/263057/store/)"
[2024-03-23 09:03:26] - [ERROR] - [sentry.errors.uncaught:712]  - ['Consumer encountered a connection error: Error 111 connecting to oj-redis:6379. Connection refused.']
b"['Consumer encountered a connection error: Error 111 connecting to oj-redis:6379. Connection refused.']"
[2024-03-23 09:03:27] - [INFO] - [dramatiq.worker.Worker:128]  - Shutting down...
[2024-03-23 09:03:27] - [DEBUG] - [dramatiq.worker.Worker:133]  - Stopping workers...
[2024-03-23 09:03:27] - [DEBUG] - [dramatiq.worker.WorkerThread:547]  - Stopping worker thread...
[2024-03-23 09:03:27] - [DEBUG] - [dramatiq.worker.WorkerThread:547]  - Stopping worker thread...
[2024-03-23 09:03:27] - [DEBUG] - [dramatiq.worker.WorkerThread:547]  - Stopping worker thread...
[2024-03-23 09:03:27] - [DEBUG] - [dramatiq.worker.WorkerThread:547]  - Stopping worker thread...
[2024-03-23 09:03:27] - [INFO] - [dramatiq.worker.Worker:128]  - Shutting down...
[2024-03-23 09:03:27] - [DEBUG] - [dramatiq.worker.Worker:133]  - Stopping workers...
[2024-03-23 09:03:27] - [DEBUG] - [dramatiq.worker.WorkerThread:547]  - Stopping worker thread...
[2024-03-23 09:03:27] - [DEBUG] - [dramatiq.worker.WorkerThread:547]  - Stopping worker thread...
[2024-03-23 09:03:27] - [DEBUG] - [dramatiq.worker.WorkerThread:547]  - Stopping worker thread...
[2024-03-23 09:03:27] - [DEBUG] - [dramatiq.worker.WorkerThread:547]  - Stopping worker thread...
[2024-03-23 09:03:27] - [DEBUG] - [dramatiq.worker.WorkerThread:465]  - Worker thread stopped.
[2024-03-23 09:03:27] - [DEBUG] - [dramatiq.worker.WorkerThread:465]  - Worker thread stopped.
[2024-03-23 09:03:27] - [DEBUG] - [dramatiq.worker.WorkerThread:465]  - Worker thread stopped.
[2024-03-23 09:03:27] - [DEBUG] - [dramatiq.worker.WorkerThread:465]  - Worker thread stopped.
[2024-03-23 09:03:27] - [DEBUG] - [dramatiq.worker.WorkerThread:465]  - Worker thread stopped.
[2024-03-23 09:03:27] - [DEBUG] - [dramatiq.worker.WorkerThread:465]  - Worker thread stopped.
[2024-03-23 09:03:27] - [DEBUG] - [dramatiq.worker.Worker:138]  - Workers stopped.
[2024-03-23 09:03:27] - [DEBUG] - [dramatiq.worker.Worker:139]  - Stopping consumers...
[2024-03-23 09:03:27] - [DEBUG] - [dramatiq.worker.ConsumerThread(default):411]  - Stopping consumer thread...
[2024-03-23 09:03:27] - [DEBUG] - [dramatiq.worker.ConsumerThread(default.DQ):411]  - Stopping consumer thread...
[2024-03-23 09:03:27] - [DEBUG] - [dramatiq.worker.WorkerThread:465]  - Worker thread stopped.
[2024-03-23 09:03:27] - [DEBUG] - [dramatiq.worker.WorkerThread:465]  - Worker thread stopped.
[2024-03-23 09:03:27] - [DEBUG] - [dramatiq.worker.Worker:138]  - Workers stopped.
[2024-03-23 09:03:27] - [DEBUG] - [dramatiq.worker.Worker:139]  - Stopping consumers...
[2024-03-23 09:03:27] - [DEBUG] - [dramatiq.worker.ConsumerThread(default):411]  - Stopping consumer thread...
[2024-03-23 09:03:27] - [DEBUG] - [dramatiq.worker.ConsumerThread(default.DQ):411]  - Stopping consumer thread...
[2024-03-23 09:03:28] - [DEBUG] - [dramatiq.worker.ConsumerThread(default):294]  - Consumer thread stopped.
[2024-03-23 09:03:28] - [DEBUG] - [dramatiq.worker.ConsumerThread(default.DQ):294]  - Consumer thread stopped.
[2024-03-23 09:03:28] - [DEBUG] - [dramatiq.worker.Worker:144]  - Consumers stopped.
[2024-03-23 09:03:28] - [DEBUG] - [dramatiq.worker.Worker:146]  - Requeueing in-memory messages...
[2024-03-23 09:03:28] - [DEBUG] - [dramatiq.worker.Worker:156]  - Done requeueing in-progress messages.
[2024-03-23 09:03:28] - [DEBUG] - [dramatiq.worker.Worker:158]  - Closing consumers...
[2024-03-23 09:03:28] - [DEBUG] - [dramatiq.worker.Worker:162]  - Consumers closed.
[2024-03-23 09:03:28] - [INFO] - [dramatiq.worker.Worker:164]  - Worker has been shut down.
[2024-03-23 09:03:30] - [CRITICAL] - [dramatiq.worker.ConsumerThread(default.DQ):276]  - Consumer encountered a connection error: Error -3 connecting to oj-redis:6379. Try again.
[2024-03-23 09:03:30] - [DEBUG] - [dramatiq.worker.ConsumerThread(default.DQ):294]  - Consumer thread stopped.
[2024-03-23 09:03:31] - [ERROR] - [sentry.errors:686]  - Sentry responded with an error: module 'ssl' has no attribute 'wrap_socket' (url: https://sentry.io/api/263057/store/)
Traceback (most recent call last):
  File "/usr/local/lib/python3.12/site-packages/raven/transport/threaded.py", line 165, in send_sync
    super(ThreadedHTTPTransport, self).send(url, data, headers)
  File "/usr/local/lib/python3.12/site-packages/raven/transport/http.py", line 38, in send
    response = urlopen(
               ^^^^^^^^
  File "/usr/local/lib/python3.12/site-packages/raven/utils/http.py", line 66, in urlopen
    return opener.open(url, data, timeout)
           ^^^^^^^^^^^^^^^^^^^^^^^^^^^^^^^
  File "/usr/local/lib/python3.12/urllib/request.py", line 515, in open
    response = self._open(req, data)
               ^^^^^^^^^^^^^^^^^^^^^
  File "/usr/local/lib/python3.12/urllib/request.py", line 532, in _open
    result = self._call_chain(self.handle_open, protocol, protocol +
             ^^^^^^^^^^^^^^^^^^^^^^^^^^^^^^^^^^^^^^^^^^^^^^^^^^^^^^^
  File "/usr/local/lib/python3.12/urllib/request.py", line 492, in _call_chain
    result = func(*args)
             ^^^^^^^^^^^
  File "/usr/local/lib/python3.12/site-packages/raven/utils/http.py", line 46, in https_open
    return self.do_open(ValidHTTPSConnection, req)
           ^^^^^^^^^^^^^^^^^^^^^^^^^^^^^^^^^^^^^^^
  File "/usr/local/lib/python3.12/urllib/request.py", line 1344, in do_open
    h.request(req.get_method(), req.selector, req.data, headers,
  File "/usr/local/lib/python3.12/http/client.py", line 1331, in request
    self._send_request(method, url, body, headers, encode_chunked)
  File "/usr/local/lib/python3.12/http/client.py", line 1377, in _send_request
    self.endheaders(body, encode_chunked=encode_chunked)
  File "/usr/local/lib/python3.12/http/client.py", line 1326, in endheaders
    self._send_output(message_body, encode_chunked=encode_chunked)
  File "/usr/local/lib/python3.12/http/client.py", line 1085, in _send_output
    self.send(msg)
  File "/usr/local/lib/python3.12/http/client.py", line 1029, in send
    self.connect()
  File "/usr/local/lib/python3.12/site-packages/raven/utils/http.py", line 37, in connect
    self.sock = ssl.wrap_socket(
                ^^^^^^^^^^^^^^^
AttributeError: module 'ssl' has no attribute 'wrap_socket'
b"Sentry responded with an error: module 'ssl' has no attribute 'wrap_socket' (url: https://sentry.io/api/263057/store/)"
[2024-03-23 09:03:31] - [ERROR] - [sentry.errors.uncaught:712]  - ['Consumer encountered a connection error: Error -3 connecting to oj-redis:6379. Try again.']
b"['Consumer encountered a connection error: Error -3 connecting to oj-redis:6379. Try again.']"
[2024-03-23 09:04:05,667] [PID 174] [MainThread] [dramatiq.MainProcess] [INFO] Dramatiq '1.12.0' is booting up.
[2024-03-23 09:04:05] - [DEBUG] - [dramatiq.WorkerProcess(0):345]  - Loading modules...
[2024-03-23 09:04:05] - [DEBUG] - [dramatiq.WorkerProcess(0):357]  - Starting worker threads...
[2024-03-23 09:04:05] - [DEBUG] - [dramatiq.worker._WorkerMiddleware:223]  - Adding consumer for queue 'default'.
[2024-03-23 09:04:05] - [DEBUG] - [dramatiq.worker.ConsumerThread(default):248]  - Running consumer thread...
[2024-03-23 09:04:05] - [DEBUG] - [dramatiq.worker._WorkerMiddleware:227]  - Adding consumer for delay queue 'default.DQ'.
[2024-03-23 09:04:05] - [DEBUG] - [dramatiq.worker.ConsumerThread(default.DQ):248]  - Running consumer thread...
[2024-03-23 09:04:05] - [DEBUG] - [dramatiq.worker.WorkerThread:449]  - Running worker thread...
[2024-03-23 09:04:05] - [DEBUG] - [dramatiq.worker.WorkerThread:449]  - Running worker thread...
[2024-03-23 09:04:05] - [DEBUG] - [dramatiq.worker.WorkerThread:449]  - Running worker thread...
[2024-03-23 09:04:05] - [DEBUG] - [dramatiq.worker.WorkerThread:449]  - Running worker thread...
[2024-03-23 09:04:05] - [INFO] - [dramatiq.WorkerProcess(0):381]  - Worker process is ready for action.
[2024-03-23 09:04:05] - [DEBUG] - [dramatiq.WorkerProcess(1):345]  - Loading modules...
[2024-03-23 09:04:05] - [DEBUG] - [dramatiq.WorkerProcess(1):351]  - Sending forks to main process...
[2024-03-23 09:04:05] - [DEBUG] - [dramatiq.WorkerProcess(1):357]  - Starting worker threads...
[2024-03-23 09:04:05] - [DEBUG] - [dramatiq.worker._WorkerMiddleware:223]  - Adding consumer for queue 'default'.
[2024-03-23 09:04:05] - [DEBUG] - [dramatiq.worker.ConsumerThread(default):248]  - Running consumer thread...
[2024-03-23 09:04:05] - [DEBUG] - [dramatiq.worker._WorkerMiddleware:227]  - Adding consumer for delay queue 'default.DQ'.
[2024-03-23 09:04:05] - [DEBUG] - [dramatiq.worker.ConsumerThread(default.DQ):248]  - Running consumer thread...
[2024-03-23 09:04:05] - [DEBUG] - [dramatiq.worker.WorkerThread:449]  - Running worker thread...
[2024-03-23 09:04:05] - [DEBUG] - [dramatiq.worker.WorkerThread:449]  - Running worker thread...
[2024-03-23 09:04:05] - [DEBUG] - [dramatiq.worker.WorkerThread:449]  - Running worker thread...
[2024-03-23 09:04:05] - [DEBUG] - [dramatiq.worker.WorkerThread:449]  - Running worker thread...
[2024-03-23 09:04:05] - [INFO] - [dramatiq.WorkerProcess(1):381]  - Worker process is ready for action.
