[2024-03-23 03:03:11 +0000] [119] [INFO] Starting gunicorn 20.1.0
[2024-03-23 03:03:11 +0000] [119] [INFO] Listening at: http://127.0.0.1:8080 (119)
[2024-03-23 03:03:11 +0000] [119] [INFO] Using worker: gthread
[2024-03-23 03:03:11 +0000] [123] [INFO] Booting worker with pid: 123
[2024-03-23 03:03:11 +0000] [124] [INFO] Booting worker with pid: 124
[2024-03-23 03:11:54 +0000] [119] [INFO] Handling signal: term
[2024-03-23 03:11:55 +0000] [124] [INFO] Worker exiting (pid: 124)
[2024-03-23 03:11:55 +0000] [123] [INFO] Worker exiting (pid: 123)
[2024-03-23 03:11:55 +0000] [119] [INFO] Shutting down: Master
[2024-03-23 03:12:38 +0000] [109] [INFO] Starting gunicorn 20.1.0
[2024-03-23 03:12:38 +0000] [109] [INFO] Listening at: http://127.0.0.1:8080 (109)
[2024-03-23 03:12:38 +0000] [109] [INFO] Using worker: gthread
[2024-03-23 03:12:38 +0000] [113] [INFO] Booting worker with pid: 113
[2024-03-23 03:12:38 +0000] [114] [INFO] Booting worker with pid: 114
[2024-03-23 06:10:40 +0000] [109] [INFO] Handling signal: term
[2024-03-23 06:10:41 +0000] [114] [INFO] Worker exiting (pid: 114)
[2024-03-23 06:10:41 +0000] [113] [INFO] Worker exiting (pid: 113)
[2024-03-23 06:10:42 +0000] [109] [INFO] Shutting down: Master
[2024-03-23 06:10:50 +0000] [106] [INFO] Starting gunicorn 20.1.0
[2024-03-23 06:10:50 +0000] [106] [INFO] Listening at: http://127.0.0.1:8080 (106)
[2024-03-23 06:10:50 +0000] [106] [INFO] Using worker: gthread
[2024-03-23 06:10:50 +0000] [115] [INFO] Booting worker with pid: 115
[2024-03-23 06:10:50 +0000] [116] [INFO] Booting worker with pid: 116
[2024-03-23 06:56:23 +0000] [106] [INFO] Handling signal: term
[2024-03-23 06:56:23 +0000] [115] [INFO] Worker exiting (pid: 115)
[2024-03-23 06:56:24 +0000] [116] [INFO] Worker exiting (pid: 116)
[2024-03-23 06:56:24 +0000] [106] [INFO] Shutting down: Master
[2024-03-23 06:57:31 +0000] [111] [INFO] Starting gunicorn 20.1.0
[2024-03-23 06:57:31 +0000] [111] [INFO] Listening at: http://127.0.0.1:8080 (111)
[2024-03-23 06:57:31 +0000] [111] [INFO] Using worker: gthread
[2024-03-23 06:57:31 +0000] [115] [INFO] Booting worker with pid: 115
[2024-03-23 06:57:31 +0000] [116] [INFO] Booting worker with pid: 116
[2024-03-23 07:29:10] - [DEBUG] - [dramatiq.broker.RedisBroker:184]  - Enqueueing message 'cbe14e52-f644-480a-b9c9-cdcebfd89540' on queue 'default'.
[2024-03-23 08:02:34 +0000] [111] [INFO] Handling signal: term
[2024-03-23 08:02:35 +0000] [115] [INFO] Worker exiting (pid: 115)
[2024-03-23 08:02:35 +0000] [116] [INFO] Worker exiting (pid: 116)
[2024-03-23 08:02:35 +0000] [111] [INFO] Shutting down: Master
[2024-03-23 08:02:44 +0000] [169] [INFO] Starting gunicorn 20.1.0
[2024-03-23 08:02:44 +0000] [169] [INFO] Listening at: http://127.0.0.1:8080 (169)
[2024-03-23 08:02:44 +0000] [169] [INFO] Using worker: gthread
[2024-03-23 08:02:44 +0000] [173] [INFO] Booting worker with pid: 173
[2024-03-23 08:02:44 +0000] [174] [INFO] Booting worker with pid: 174
[2024-03-23 08:04:47 +0000] [169] [INFO] Handling signal: term
[2024-03-23 08:04:47 +0000] [174] [INFO] Worker exiting (pid: 174)
[2024-03-23 08:04:48 +0000] [173] [INFO] Worker exiting (pid: 173)
[2024-03-23 08:04:48 +0000] [169] [INFO] Shutting down: Master
[2024-03-23 08:05:01 +0000] [169] [INFO] Starting gunicorn 20.1.0
[2024-03-23 08:05:01 +0000] [169] [INFO] Listening at: http://127.0.0.1:8080 (169)
[2024-03-23 08:05:01 +0000] [169] [INFO] Using worker: gthread
[2024-03-23 08:05:01 +0000] [173] [INFO] Booting worker with pid: 173
[2024-03-23 08:05:01 +0000] [180] [INFO] Booting worker with pid: 180
[2024-03-23 08:45:06] - [DEBUG] - [dramatiq.broker.RedisBroker:184]  - Enqueueing message 'f5b83c22-ef55-4e78-85ed-83119056040d' on queue 'default'.
[2024-03-23 08:45:52 +0000] [169] [INFO] Handling signal: term
[2024-03-23 08:45:53 +0000] [173] [INFO] Worker exiting (pid: 173)
[2024-03-23 08:45:53 +0000] [180] [INFO] Worker exiting (pid: 180)
[2024-03-23 08:45:53 +0000] [169] [INFO] Shutting down: Master
[2024-03-23 08:46:06 +0000] [170] [INFO] Starting gunicorn 20.1.0
[2024-03-23 08:46:06 +0000] [170] [INFO] Listening at: http://127.0.0.1:8080 (170)
[2024-03-23 08:46:06 +0000] [170] [INFO] Using worker: gthread
[2024-03-23 08:46:06 +0000] [174] [INFO] Booting worker with pid: 174
[2024-03-23 08:46:06 +0000] [175] [INFO] Booting worker with pid: 175
[2024-03-23 09:03:25 +0000] [170] [INFO] Handling signal: term
[2024-03-23 09:03:25 +0000] [175] [INFO] Worker exiting (pid: 175)
[2024-03-23 09:03:26 +0000] [174] [INFO] Worker exiting (pid: 174)
[2024-03-23 09:03:26 +0000] [170] [INFO] Shutting down: Master
[2024-03-23 09:04:04 +0000] [175] [INFO] Starting gunicorn 20.1.0
[2024-03-23 09:04:04 +0000] [175] [INFO] Listening at: http://127.0.0.1:8080 (175)
[2024-03-23 09:04:04 +0000] [175] [INFO] Using worker: gthread
[2024-03-23 09:04:04 +0000] [179] [INFO] Booting worker with pid: 179
[2024-03-23 09:04:04 +0000] [180] [INFO] Booting worker with pid: 180
